============================= test session starts ==============================
platform darwin -- Python 3.8.2, pytest-6.2.4, py-1.10.0, pluggy-0.13.1 -- /Users/kevinajili/PycharmProjects/interview-prep/venv/bin/python
cachedir: .pytest_cache
rootdir: /Users/kevinajili/PycharmProjects/interview-prep
collecting ... collected 49 items

tests/test_cracking_the_coding_interview/test_ch_01_arrays_and_strings/test_Q1_01_IsUnique.py::test_isUnique_SetLengthComparison[abcd-True] PASSED [  2%]
tests/test_cracking_the_coding_interview/test_ch_01_arrays_and_strings/test_Q1_01_IsUnique.py::test_isUnique_SetLengthComparison[s4fad-True] PASSED [  4%]
tests/test_cracking_the_coding_interview/test_ch_01_arrays_and_strings/test_Q1_01_IsUnique.py::test_isUnique_SetLengthComparison[23ds2-False] PASSED [  6%]
tests/test_cracking_the_coding_interview/test_ch_01_arrays_and_strings/test_Q1_01_IsUnique.py::test_isUnique_SetLengthComparison[hb 627jh=j ()-False] PASSED [  8%]
tests/test_cracking_the_coding_interview/test_ch_01_arrays_and_strings/test_Q1_01_IsUnique.py::test_isUnique_SetLengthComparison[hb 627j= ()-False] PASSED [ 10%]
tests/test_cracking_the_coding_interview/test_ch_01_arrays_and_strings/test_Q1_01_IsUnique.py::test_isUnique_SetComparingEachLetter[abcd-True] PASSED [ 12%]
tests/test_cracking_the_coding_interview/test_ch_01_arrays_and_strings/test_Q1_01_IsUnique.py::test_isUnique_SetComparingEachLetter[s4fad-True] PASSED [ 14%]
tests/test_cracking_the_coding_interview/test_ch_01_arrays_and_strings/test_Q1_01_IsUnique.py::test_isUnique_SetComparingEachLetter[23ds2-False] PASSED [ 16%]
tests/test_cracking_the_coding_interview/test_ch_01_arrays_and_strings/test_Q1_01_IsUnique.py::test_isUnique_SetComparingEachLetter[hb 627jh=j ()-False] PASSED [ 18%]
tests/test_cracking_the_coding_interview/test_ch_01_arrays_and_strings/test_Q1_01_IsUnique.py::test_isUnique_SetComparingEachLetter[hb 627j= ()-False] PASSED [ 20%]
tests/test_cracking_the_coding_interview/test_ch_01_arrays_and_strings/test_Q1_01_IsUnique.py::test_isUnique_HashTableComparingEachLetter[abcd-True] PASSED [ 22%]
tests/test_cracking_the_coding_interview/test_ch_01_arrays_and_strings/test_Q1_01_IsUnique.py::test_isUnique_HashTableComparingEachLetter[s4fad-True] PASSED [ 24%]
tests/test_cracking_the_coding_interview/test_ch_01_arrays_and_strings/test_Q1_01_IsUnique.py::test_isUnique_HashTableComparingEachLetter[23ds2-False] PASSED [ 26%]
tests/test_cracking_the_coding_interview/test_ch_01_arrays_and_strings/test_Q1_01_IsUnique.py::test_isUnique_HashTableComparingEachLetter[hb 627jh=j ()-False] PASSED [ 28%]
tests/test_cracking_the_coding_interview/test_ch_01_arrays_and_strings/test_Q1_01_IsUnique.py::test_isUnique_HashTableComparingEachLetter[hb 627j= ()-False] PASSED [ 30%]
tests/test_cracking_the_coding_interview/test_ch_01_arrays_and_strings/test_Q1_01_IsUnique.py::test_isUnique_ConstantSpace[abcd-True] PASSED [ 32%]
tests/test_cracking_the_coding_interview/test_ch_01_arrays_and_strings/test_Q1_01_IsUnique.py::test_isUnique_ConstantSpace[s4fad-True] PASSED [ 34%]
tests/test_cracking_the_coding_interview/test_ch_01_arrays_and_strings/test_Q1_01_IsUnique.py::test_isUnique_ConstantSpace[23ds2-False] PASSED [ 36%]
tests/test_cracking_the_coding_interview/test_ch_01_arrays_and_strings/test_Q1_01_IsUnique.py::test_isUnique_ConstantSpace[hb 627jh=j ()-False] PASSED [ 38%]
tests/test_cracking_the_coding_interview/test_ch_01_arrays_and_strings/test_Q1_01_IsUnique.py::test_isUnique_ConstantSpace[hb 627j= ()-False] PASSED [ 40%]
tests/test_cracking_the_coding_interview/test_ch_01_arrays_and_strings/test_Q1_02_CheckPermutation.py::test_checkPermutationSingleHashTable[anagram-nagaram-True] PASSED [ 42%]
tests/test_cracking_the_coding_interview/test_ch_01_arrays_and_strings/test_Q1_02_CheckPermutation.py::test_checkPermutationSingleHashTable[rat-car-False] PASSED [ 44%]
tests/test_cracking_the_coding_interview/test_ch_01_arrays_and_strings/test_Q1_02_CheckPermutation.py::test_checkPermutationSingleHashTable[test-ests-False] PASSED [ 46%]
tests/test_cracking_the_coding_interview/test_ch_01_arrays_and_strings/test_Q1_02_CheckPermutation.py::test_checkPermutationSingleHashTable[testing-test-False] PASSED [ 48%]
tests/test_cracking_the_coding_interview/test_ch_01_arrays_and_strings/test_Q1_02_CheckPermutation.py::test_checkPermutationDoubleHashTable[anagram-nagaram-True] PASSED [ 51%]
tests/test_cracking_the_coding_interview/test_ch_01_arrays_and_strings/test_Q1_02_CheckPermutation.py::test_checkPermutationDoubleHashTable[rat-car-False] PASSED [ 53%]
tests/test_cracking_the_coding_interview/test_ch_01_arrays_and_strings/test_Q1_02_CheckPermutation.py::test_checkPermutationDoubleHashTable[test-ests-False] PASSED [ 55%]
tests/test_cracking_the_coding_interview/test_ch_01_arrays_and_strings/test_Q1_02_CheckPermutation.py::test_checkPermutationDoubleHashTable[testing-test-False] PASSED [ 57%]
tests/test_cracking_the_coding_interview/test_ch_01_arrays_and_strings/test_Q1_03_URLify.py::test_URLify_NewString[Mr John Smith      -13-Mr%20John%20Smith] PASSED [ 59%]
tests/test_cracking_the_coding_interview/test_ch_01_arrays_and_strings/test_Q1_03_URLify.py::test_URLify_NewString[Does this work yet?       -19-Does%20this%20work%20yet?] PASSED [ 61%]
tests/test_cracking_the_coding_interview/test_ch_01_arrays_and_strings/test_Q1_03_URLify.py::test_URLify_InPlace[Mr John Smith      -13-Mr%20John%20Smith] PASSED [ 63%]
tests/test_cracking_the_coding_interview/test_ch_01_arrays_and_strings/test_Q1_03_URLify.py::test_URLify_InPlace[Does this work yet?       -19-Does%20this%20work%20yet?] PASSED [ 65%]
tests/test_cracking_the_coding_interview/test_ch_01_arrays_and_strings/test_Q1_04_PalindromePermutation.py::test_palindromePermutation[Tact Coa-True] PASSED [ 67%]
tests/test_cracking_the_coding_interview/test_ch_01_arrays_and_strings/test_Q1_04_PalindromePermutation.py::test_palindromePermutation[Yak kA-True] PASSED [ 69%]
tests/test_cracking_the_coding_interview/test_ch_01_arrays_and_strings/test_Q1_04_PalindromePermutation.py::test_palindromePermutation[deed-True] PASSED [ 71%]
tests/test_cracking_the_coding_interview/test_ch_01_arrays_and_strings/test_Q1_04_PalindromePermutation.py::test_palindromePermutation[jakshdkhf-False] PASSED [ 73%]
tests/test_cracking_the_coding_interview/test_ch_01_arrays_and_strings/test_Q1_04_PalindromePermutation.py::test_palindromePermutation[not a palindrome-False] PASSED [ 75%]
tests/test_cracking_the_coding_interview/test_ch_01_arrays_and_strings/test_Q1_05_OneAway.py::test_oneAway[pale-ple-True] PASSED [ 77%]
tests/test_cracking_the_coding_interview/test_ch_01_arrays_and_strings/test_Q1_05_OneAway.py::test_oneAway[pales-pale-True] PASSED [ 79%]
tests/test_cracking_the_coding_interview/test_ch_01_arrays_and_strings/test_Q1_05_OneAway.py::test_oneAway[pale-bale-True] PASSED [ 81%]
tests/test_cracking_the_coding_interview/test_ch_01_arrays_and_strings/test_Q1_05_OneAway.py::test_oneAway[pale-bake-False] PASSED [ 83%]
tests/test_cracking_the_coding_interview/test_ch_01_arrays_and_strings/test_Q1_06_StringCompression.py::test_stringCompression[aabcccccaaa-a2b1c5a3] PASSED [ 85%]
tests/test_cracking_the_coding_interview/test_ch_01_arrays_and_strings/test_Q1_06_StringCompression.py::test_stringCompression[abcd-abcd] PASSED [ 87%]
tests/test_cracking_the_coding_interview/test_ch_01_arrays_and_strings/test_Q1_06_StringCompression.py::test_stringCompression[bbbddeeeeffffgggghhhhhiizkxxx-b3d2e4f4g4h5i2z1k1x3] PASSED [ 89%]
tests/test_leetcode/test_breadth_first_search/test_WordLadder.py::test_ladderLength[hit-cog-wordList0-5] PASSED [ 91%]
tests/test_leetcode/test_breadth_first_search/test_WordLadder.py::test_ladderLength[hit-cog-wordList1-0] PASSED [ 93%]
tests/test_leetcode/test_hash_table/test_TwoSum.py::test_twoSum[nums0-9-expected0] PASSED [ 95%]
tests/test_leetcode/test_hash_table/test_TwoSum.py::test_twoSum[nums1-6-expected1] PASSED [ 97%]
tests/test_leetcode/test_hash_table/test_TwoSum.py::test_twoSum[nums2-6-expected2] PASSED [100%]

============================== 49 passed in 0.04s ==============================
