============================= test session starts ==============================
platform darwin -- Python 3.8.2, pytest-6.2.4, py-1.10.0, pluggy-0.13.1 -- /Users/kevinajili/PycharmProjects/interview-prep/venv/bin/python
cachedir: .pytest_cache
rootdir: /Users/kevinajili/PycharmProjects/interview-prep
collecting ... collected 46 items

tests/test_cracking_the_coding_interview/test_ch_01_arrays_and_strings/test_Q1_01_IsUnique.py::test_isUnique_SetLengthComparison[abcd-True] PASSED [  2%]
tests/test_cracking_the_coding_interview/test_ch_01_arrays_and_strings/test_Q1_01_IsUnique.py::test_isUnique_SetLengthComparison[s4fad-True] PASSED [  4%]
tests/test_cracking_the_coding_interview/test_ch_01_arrays_and_strings/test_Q1_01_IsUnique.py::test_isUnique_SetLengthComparison[23ds2-False] PASSED [  6%]
tests/test_cracking_the_coding_interview/test_ch_01_arrays_and_strings/test_Q1_01_IsUnique.py::test_isUnique_SetLengthComparison[hb 627jh=j ()-False] PASSED [  8%]
tests/test_cracking_the_coding_interview/test_ch_01_arrays_and_strings/test_Q1_01_IsUnique.py::test_isUnique_SetLengthComparison[hb 627j= ()-False] PASSED [ 10%]
tests/test_cracking_the_coding_interview/test_ch_01_arrays_and_strings/test_Q1_01_IsUnique.py::test_isUnique_SetComparingEachLetter[abcd-True] PASSED [ 13%]
tests/test_cracking_the_coding_interview/test_ch_01_arrays_and_strings/test_Q1_01_IsUnique.py::test_isUnique_SetComparingEachLetter[s4fad-True] PASSED [ 15%]
tests/test_cracking_the_coding_interview/test_ch_01_arrays_and_strings/test_Q1_01_IsUnique.py::test_isUnique_SetComparingEachLetter[23ds2-False] PASSED [ 17%]
tests/test_cracking_the_coding_interview/test_ch_01_arrays_and_strings/test_Q1_01_IsUnique.py::test_isUnique_SetComparingEachLetter[hb 627jh=j ()-False] PASSED [ 19%]
tests/test_cracking_the_coding_interview/test_ch_01_arrays_and_strings/test_Q1_01_IsUnique.py::test_isUnique_SetComparingEachLetter[hb 627j= ()-False] PASSED [ 21%]
tests/test_cracking_the_coding_interview/test_ch_01_arrays_and_strings/test_Q1_01_IsUnique.py::test_isUnique_HashTableComparingEachLetter[abcd-True] PASSED [ 23%]
tests/test_cracking_the_coding_interview/test_ch_01_arrays_and_strings/test_Q1_01_IsUnique.py::test_isUnique_HashTableComparingEachLetter[s4fad-True] PASSED [ 26%]
tests/test_cracking_the_coding_interview/test_ch_01_arrays_and_strings/test_Q1_01_IsUnique.py::test_isUnique_HashTableComparingEachLetter[23ds2-False] PASSED [ 28%]
tests/test_cracking_the_coding_interview/test_ch_01_arrays_and_strings/test_Q1_01_IsUnique.py::test_isUnique_HashTableComparingEachLetter[hb 627jh=j ()-False] PASSED [ 30%]
tests/test_cracking_the_coding_interview/test_ch_01_arrays_and_strings/test_Q1_01_IsUnique.py::test_isUnique_HashTableComparingEachLetter[hb 627j= ()-False] PASSED [ 32%]
tests/test_cracking_the_coding_interview/test_ch_01_arrays_and_strings/test_Q1_01_IsUnique.py::test_isUnique_ConstantSpace[abcd-True] PASSED [ 34%]
tests/test_cracking_the_coding_interview/test_ch_01_arrays_and_strings/test_Q1_01_IsUnique.py::test_isUnique_ConstantSpace[s4fad-True] PASSED [ 36%]
tests/test_cracking_the_coding_interview/test_ch_01_arrays_and_strings/test_Q1_01_IsUnique.py::test_isUnique_ConstantSpace[23ds2-False] PASSED [ 39%]
tests/test_cracking_the_coding_interview/test_ch_01_arrays_and_strings/test_Q1_01_IsUnique.py::test_isUnique_ConstantSpace[hb 627jh=j ()-False] PASSED [ 41%]
tests/test_cracking_the_coding_interview/test_ch_01_arrays_and_strings/test_Q1_01_IsUnique.py::test_isUnique_ConstantSpace[hb 627j= ()-False] PASSED [ 43%]
tests/test_cracking_the_coding_interview/test_ch_01_arrays_and_strings/test_Q1_02_CheckPermutation.py::test_checkPermutationSingleHashTable[anagram-nagaram-True] PASSED [ 45%]
tests/test_cracking_the_coding_interview/test_ch_01_arrays_and_strings/test_Q1_02_CheckPermutation.py::test_checkPermutationSingleHashTable[rat-car-False] PASSED [ 47%]
tests/test_cracking_the_coding_interview/test_ch_01_arrays_and_strings/test_Q1_02_CheckPermutation.py::test_checkPermutationSingleHashTable[test-ests-False] PASSED [ 50%]
tests/test_cracking_the_coding_interview/test_ch_01_arrays_and_strings/test_Q1_02_CheckPermutation.py::test_checkPermutationSingleHashTable[testing-test-False] PASSED [ 52%]
tests/test_cracking_the_coding_interview/test_ch_01_arrays_and_strings/test_Q1_02_CheckPermutation.py::test_checkPermutationDoubleHashTable[anagram-nagaram-True] PASSED [ 54%]
tests/test_cracking_the_coding_interview/test_ch_01_arrays_and_strings/test_Q1_02_CheckPermutation.py::test_checkPermutationDoubleHashTable[rat-car-False] PASSED [ 56%]
tests/test_cracking_the_coding_interview/test_ch_01_arrays_and_strings/test_Q1_02_CheckPermutation.py::test_checkPermutationDoubleHashTable[test-ests-False] PASSED [ 58%]
tests/test_cracking_the_coding_interview/test_ch_01_arrays_and_strings/test_Q1_02_CheckPermutation.py::test_checkPermutationDoubleHashTable[testing-test-False] PASSED [ 60%]
tests/test_cracking_the_coding_interview/test_ch_01_arrays_and_strings/test_Q1_03_URLify.py::test_URLify_NewString[Mr John Smith      -13-Mr%20John%20Smith] PASSED [ 63%]
tests/test_cracking_the_coding_interview/test_ch_01_arrays_and_strings/test_Q1_03_URLify.py::test_URLify_NewString[Does this work yet?       -19-Does%20this%20work%20yet?] PASSED [ 65%]
tests/test_cracking_the_coding_interview/test_ch_01_arrays_and_strings/test_Q1_03_URLify.py::test_URLify_InPlace[Mr John Smith      -13-Mr%20John%20Smith] PASSED [ 67%]
tests/test_cracking_the_coding_interview/test_ch_01_arrays_and_strings/test_Q1_03_URLify.py::test_URLify_InPlace[Does this work yet?       -19-Does%20this%20work%20yet?] PASSED [ 69%]
tests/test_cracking_the_coding_interview/test_ch_01_arrays_and_strings/test_Q1_04_PalindromePermutation.py::test_palindromePermutation[Tact Coa-True] PASSED [ 71%]
tests/test_cracking_the_coding_interview/test_ch_01_arrays_and_strings/test_Q1_04_PalindromePermutation.py::test_palindromePermutation[Yak kA-True] PASSED [ 73%]
tests/test_cracking_the_coding_interview/test_ch_01_arrays_and_strings/test_Q1_04_PalindromePermutation.py::test_palindromePermutation[deed-True] PASSED [ 76%]
tests/test_cracking_the_coding_interview/test_ch_01_arrays_and_strings/test_Q1_04_PalindromePermutation.py::test_palindromePermutation[jakshdkhf-False] PASSED [ 78%]
tests/test_cracking_the_coding_interview/test_ch_01_arrays_and_strings/test_Q1_04_PalindromePermutation.py::test_palindromePermutation[not a palindrome-False] PASSED [ 80%]
tests/test_cracking_the_coding_interview/test_ch_01_arrays_and_strings/test_Q1_05_OneAway.py::test_oneAway[pale-ple-True] FAILED [ 82%]
tests/test_cracking_the_coding_interview/test_ch_01_arrays_and_strings/test_Q1_05_OneAway.py::test_oneAway[pales-pale-True] PASSED [ 84%]
tests/test_cracking_the_coding_interview/test_ch_01_arrays_and_strings/test_Q1_05_OneAway.py::test_oneAway[pale-bale-True] FAILED [ 86%]
tests/test_cracking_the_coding_interview/test_ch_01_arrays_and_strings/test_Q1_05_OneAway.py::test_oneAway[pale-bake-False] PASSED [ 89%]
tests/test_leetcode/test_breadth_first_search/test_WordLadder.py::test_ladderLength[hit-cog-wordList0-5] PASSED [ 91%]
tests/test_leetcode/test_breadth_first_search/test_WordLadder.py::test_ladderLength[hit-cog-wordList1-0] PASSED [ 93%]
tests/test_leetcode/test_hash_table/test_TwoSum.py::test_twoSum[nums0-9-expected0] PASSED [ 95%]
tests/test_leetcode/test_hash_table/test_TwoSum.py::test_twoSum[nums1-6-expected1] PASSED [ 97%]
tests/test_leetcode/test_hash_table/test_TwoSum.py::test_twoSum[nums2-6-expected2] PASSED [100%]

=================================== FAILURES ===================================
_________________________ test_oneAway[pale-ple-True] __________________________

str1 = 'pale', str2 = 'ple', expected = True

    @pytest.mark.parametrize("str1,str2,expected", tests_for_oneAway)
    def test_oneAway(str1, str2, expected):
        function_result = oneAway(str1, str2)
>       assert function_result == expected
E       assert False == True
E         +False
E         -True

tests/test_cracking_the_coding_interview/test_ch_01_arrays_and_strings/test_Q1_05_OneAway.py:25: AssertionError
_________________________ test_oneAway[pale-bale-True] _________________________

str1 = 'pale', str2 = 'bale', expected = True

    @pytest.mark.parametrize("str1,str2,expected", tests_for_oneAway)
    def test_oneAway(str1, str2, expected):
        function_result = oneAway(str1, str2)
>       assert function_result == expected
E       assert False == True
E         +False
E         -True

tests/test_cracking_the_coding_interview/test_ch_01_arrays_and_strings/test_Q1_05_OneAway.py:25: AssertionError
=========================== short test summary info ============================
FAILED tests/test_cracking_the_coding_interview/test_ch_01_arrays_and_strings/test_Q1_05_OneAway.py::test_oneAway[pale-ple-True]
FAILED tests/test_cracking_the_coding_interview/test_ch_01_arrays_and_strings/test_Q1_05_OneAway.py::test_oneAway[pale-bale-True]
========================= 2 failed, 44 passed in 0.06s =========================
